<?xml version="1.0" encoding="UTF-8"?>
<testng-results ignored="0" total="4" passed="4" failed="0" skipped="0">
  <reporter-output>
  </reporter-output>
  <suite started-at="2023-05-16T00:53:20 IST" name="Default suite" finished-at="2023-05-16T00:53:38 IST" duration-ms="17652">
    <groups>
    </groups>
    <test started-at="2023-05-16T00:53:20 IST" name="Default test" finished-at="2023-05-16T00:53:38 IST" duration-ms="17652">
      <class name="rest_assured.bookAPI">
        <test-method signature="Authorization()[pri:0, instance:rest_assured.bookAPI@418e7838]" started-at="2023-05-16T00:53:20 IST" name="Authorization" finished-at="2023-05-16T00:53:33 IST" duration-ms="12760" status="PASS">
          <reporter-output>
          </reporter-output>
        </test-method> <!-- Authorization -->
        <test-method signature="OrderBookToken()[pri:1, instance:rest_assured.bookAPI@418e7838]" started-at="2023-05-16T00:53:33 IST" name="OrderBookToken" finished-at="2023-05-16T00:53:35 IST" duration-ms="1623" status="PASS">
          <reporter-output>
          </reporter-output>
        </test-method> <!-- OrderBookToken -->
        <test-method signature="getOrderBook()[pri:2, instance:rest_assured.bookAPI@418e7838]" started-at="2023-05-16T00:53:35 IST" name="getOrderBook" finished-at="2023-05-16T00:53:37 IST" duration-ms="1611" status="PASS">
          <reporter-output>
          </reporter-output>
        </test-method> <!-- getOrderBook -->
        <test-method signature="deleteOrderBook()[pri:3, instance:rest_assured.bookAPI@418e7838]" started-at="2023-05-16T00:53:37 IST" name="deleteOrderBook" finished-at="2023-05-16T00:53:38 IST" duration-ms="1412" status="PASS">
          <reporter-output>
          </reporter-output>
        </test-method> <!-- deleteOrderBook -->
      </class> <!-- rest_assured.bookAPI -->
    </test> <!-- Default test -->
  </suite> <!-- Default suite -->
</testng-results>
