<?xml version="1.0" encoding="UTF-8"?>
<testng-results ignored="0" total="4" passed="4" failed="0" skipped="0">
  <reporter-output>
  </reporter-output>
  <suite started-at="2023-05-16T01:24:13 IST" name="Suite" finished-at="2023-05-16T01:24:28 IST" duration-ms="14411">
    <groups>
    </groups>
    <test started-at="2023-05-16T01:24:13 IST" name="Test" finished-at="2023-05-16T01:24:28 IST" duration-ms="14411">
      <class name="rest_assured.trello">
        <test-method signature="CreateBoard()[pri:0, instance:rest_assured.trello@418e7838]" started-at="2023-05-16T01:24:13 IST" name="CreateBoard" finished-at="2023-05-16T01:24:24 IST" duration-ms="10355" status="PASS">
          <reporter-output>
          </reporter-output>
        </test-method> <!-- CreateBoard -->
        <test-method signature="UpdateBoard()[pri:1, instance:rest_assured.trello@418e7838]" started-at="2023-05-16T01:24:24 IST" name="UpdateBoard" finished-at="2023-05-16T01:24:25 IST" duration-ms="950" status="PASS">
          <reporter-output>
          </reporter-output>
        </test-method> <!-- UpdateBoard -->
        <test-method signature="getRequest()[pri:2, instance:rest_assured.trello@418e7838]" started-at="2023-05-16T01:24:25 IST" name="getRequest" finished-at="2023-05-16T01:24:26 IST" duration-ms="1363" status="PASS">
          <reporter-output>
          </reporter-output>
        </test-method> <!-- getRequest -->
        <test-method signature="deleteRequest()[pri:3, instance:rest_assured.trello@418e7838]" started-at="2023-05-16T01:24:26 IST" name="deleteRequest" finished-at="2023-05-16T01:24:28 IST" duration-ms="1465" status="PASS">
          <reporter-output>
          </reporter-output>
        </test-method> <!-- deleteRequest -->
      </class> <!-- rest_assured.trello -->
    </test> <!-- Test -->
  </suite> <!-- Suite -->
</testng-results>
