<?xml version="1.0" encoding="UTF-8"?>
<!-- Generated by org.testng.reporters.JUnitXMLReporter -->
<testsuite ignored="0" hostname="kaushik" failures="0" tests="4" name="Default test" time="17.652" errors="0" timestamp="2023-05-16T00:53:38 IST">
  <testcase classname="rest_assured.bookAPI" name="Authorization" time="12.76"/>
  <testcase classname="rest_assured.bookAPI" name="OrderBookToken" time="1.623"/>
  <testcase classname="rest_assured.bookAPI" name="getOrderBook" time="1.611"/>
  <testcase classname="rest_assured.bookAPI" name="deleteOrderBook" time="1.412"/>
</testsuite> <!-- Default test -->
