<?xml version="1.0" encoding="UTF-8"?>
<!-- Generated by org.testng.reporters.JUnitXMLReporter -->
<testsuite ignored="0" hostname="kaushik" failures="0" tests="4" name="Test" time="14.411" errors="0" timestamp="2023-05-16T01:24:28 IST">
  <testcase classname="rest_assured.trello" name="CreateBoard" time="10.355"/>
  <testcase classname="rest_assured.trello" name="UpdateBoard" time="0.95"/>
  <testcase classname="rest_assured.trello" name="getRequest" time="1.363"/>
  <testcase classname="rest_assured.trello" name="deleteRequest" time="1.465"/>
</testsuite> <!-- Test -->
