<?xml version="1.0" encoding="UTF-8"?>
<!-- Generated by org.testng.reporters.JUnitXMLReporter -->
<testsuite ignored="0" hostname="kaushik" failures="0" tests="10" name="Test" time="0.461" errors="0" timestamp="2023-05-16T00:52:57 IST">
  <testcase classname="rest_assured.testng" name="@BeforeTest bt" time="0.034">
    <failure type="java.lang.AssertionError" message="expected [Biswas] but found [Kaushik]">
      <![CDATA[java.lang.AssertionError: expected [Biswas] but found [Kaushik]
at rest_assured.testng.bt(testng.java:14)
... Removed 28 stack frames]]>
    </failure>
  </testcase> <!-- @BeforeTest bt -->
  <testcase classname="rest_assured.testng" name="@AfterTest af" time="-1.68417857769E9">
    <skipped/>
  </testcase> <!-- @AfterTest af -->
  <testcase classname="rest_assured.unitTest" name="tc1" time="0.0">
    <skipped/>
  </testcase> <!-- tc1 -->
  <testcase classname="rest_assured.trello" name="CreateBoard" time="0.0">
    <skipped/>
  </testcase> <!-- CreateBoard -->
  <testcase classname="rest_assured.trello" name="UpdateBoard" time="0.0">
    <skipped/>
  </testcase> <!-- UpdateBoard -->
  <testcase classname="rest_assured.trello" name="getRequest" time="0.0">
    <skipped/>
  </testcase> <!-- getRequest -->
  <testcase classname="rest_assured.trello" name="deleteRequest" time="0.0">
    <skipped/>
  </testcase> <!-- deleteRequest -->
  <testcase classname="rest_assured.testng" name="tc1" time="0.0">
    <skipped/>
  </testcase> <!-- tc1 -->
  <testcase classname="rest_assured.bookAPI" name="Authorization" time="0.0">
    <skipped/>
  </testcase> <!-- Authorization -->
  <testcase classname="rest_assured.bookAPI" name="OrderBookToken" time="0.0">
    <skipped/>
  </testcase> <!-- OrderBookToken -->
  <testcase classname="rest_assured.bookAPI" name="getOrderBook" time="0.0">
    <skipped/>
  </testcase> <!-- getOrderBook -->
  <testcase classname="rest_assured.bookAPI" name="deleteOrderBook" time="0.0">
    <skipped/>
  </testcase> <!-- deleteOrderBook -->
</testsuite> <!-- Test -->
