<?xml version="1.0" encoding="UTF-8"?>
<testng-results ignored="0" total="1" passed="1" failed="0" skipped="0">
  <reporter-output>
  </reporter-output>
  <suite started-at="2023-05-18T12:44:40 IST" name="Default suite" finished-at="2023-05-18T12:46:40 IST" duration-ms="119986">
    <groups>
    </groups>
    <test started-at="2023-05-18T12:44:40 IST" name="Default test" finished-at="2023-05-18T12:46:40 IST" duration-ms="119986">
      <class name="demo.appiumFramework.Testappium">
        <test-method is-config="true" signature="setup()[pri:0, instance:demo.appiumFramework.Testappium@1bb5a082]" started-at="2023-05-18T12:44:40 IST" name="setup" finished-at="2023-05-18T12:45:32 IST" duration-ms="51858" status="PASS">
          <reporter-output>
          </reporter-output>
        </test-method> <!-- setup -->
        <test-method signature="test5()[pri:0, instance:demo.appiumFramework.Testappium@1bb5a082]" started-at="2023-05-18T12:45:32 IST" name="test5" finished-at="2023-05-18T12:46:40 IST" duration-ms="67876" status="PASS">
          <reporter-output>
          </reporter-output>
        </test-method> <!-- test5 -->
      </class> <!-- demo.appiumFramework.Testappium -->
    </test> <!-- Default test -->
  </suite> <!-- Default suite -->
</testng-results>
